<?xml version="1.0" encoding="UTF-8"?>
<testng-results ignored="0" total="1" passed="1" failed="0" skipped="0">
  <reporter-output>
  </reporter-output>
  <suite started-at="2019-03-03T15:40:57Z" name="Suite" finished-at="2019-03-03T15:41:17Z" duration-ms="19606">
    <groups>
    </groups>
    <test started-at="2019-03-03T15:40:57Z" name="Test" finished-at="2019-03-03T15:41:17Z" duration-ms="19606">
      <class name="com.rushi.test.NewTest">
        <test-method is-config="true" signature="beforeClass()[pri:0, instance:com.rushi.test.NewTest@13b6aecc]" started-at="2019-03-03T15:40:57Z" name="beforeClass" finished-at="2019-03-03T15:41:04Z" duration-ms="6446" status="PASS">
          <reporter-output>
          </reporter-output>
        </test-method> <!-- beforeClass -->
        <test-method signature="function()[pri:0, instance:com.rushi.test.NewTest@13b6aecc]" started-at="2019-03-03T15:41:04Z" name="function" finished-at="2019-03-03T15:41:17Z" duration-ms="13145" status="PASS">
          <reporter-output>
          </reporter-output>
        </test-method> <!-- function -->
      </class> <!-- com.rushi.test.NewTest -->
    </test> <!-- Test -->
  </suite> <!-- Suite -->
</testng-results>
